Wed, 10 May 2017 23:24:34 GMT express-session deprecated undefined resave option; provide resave option at app.js:16:9
Wed, 10 May 2017 23:24:34 GMT express-session deprecated undefined saveUninitialized option; provide saveUninitialized option at app.js:16:9
events.js:160
      throw er; // Unhandled 'error' event
      ^

Error: listen EADDRINUSE :::3000
    at Object.exports._errnoException (util.js:1022:11)
    at exports._exceptionWithHostPort (util.js:1045:20)
    at Server._listen2 (net.js:1259:14)
    at listen (net.js:1295:10)
    at Server.listen (net.js:1391:5)
    at EventEmitter.listen (C:\Users\computador\Desktop\projeto\bolao\app\node_modules\express\lib\application.js:618:24)
    at Object.<anonymous> (C:\Users\computador\Desktop\projeto\bolao\app\app.js:33:5)
    at Module._compile (module.js:570:32)
    at Object.Module._extensions..js (module.js:579:10)
    at Module.load (module.js:487:32)
    at tryModuleLoad (module.js:446:12)
    at Function.Module._load (module.js:438:3)
    at Module.runMain (module.js:604:10)
    at run (bootstrap_node.js:394:7)
    at startup (bootstrap_node.js:149:9)
    at bootstrap_node.js:509:3
Wed, 10 May 2017 23:24:35 GMT express-session deprecated undefined resave option; provide resave option at app.js:16:9
Wed, 10 May 2017 23:24:35 GMT express-session deprecated undefined saveUninitialized option; provide saveUninitialized option at app.js:16:9
events.js:160
      throw er; // Unhandled 'error' event
      ^

Error: listen EADDRINUSE :::3000
    at Object.exports._errnoException (util.js:1022:11)
    at exports._exceptionWithHostPort (util.js:1045:20)
    at Server._listen2 (net.js:1259:14)
    at listen (net.js:1295:10)
    at Server.listen (net.js:1391:5)
    at EventEmitter.listen (C:\Users\computador\Desktop\projeto\bolao\app\node_modules\express\lib\application.js:618:24)
    at Object.<anonymous> (C:\Users\computador\Desktop\projeto\bolao\app\app.js:33:5)
    at Module._compile (module.js:570:32)
    at Object.Module._extensions..js (module.js:579:10)
    at Module.load (module.js:487:32)
    at tryModuleLoad (module.js:446:12)
    at Function.Module._load (module.js:438:3)
    at Module.runMain (module.js:604:10)
    at run (bootstrap_node.js:394:7)
    at startup (bootstrap_node.js:149:9)
    at bootstrap_node.js:509:3
Wed, 10 May 2017 23:24:36 GMT express-session deprecated undefined resave option; provide resave option at app.js:16:9
Wed, 10 May 2017 23:24:36 GMT express-session deprecated undefined saveUninitialized option; provide saveUninitialized option at app.js:16:9
events.js:160
      throw er; // Unhandled 'error' event
      ^

Error: listen EADDRINUSE :::3000
    at Object.exports._errnoException (util.js:1022:11)
    at exports._exceptionWithHostPort (util.js:1045:20)
    at Server._listen2 (net.js:1259:14)
    at listen (net.js:1295:10)
    at Server.listen (net.js:1391:5)
    at EventEmitter.listen (C:\Users\computador\Desktop\projeto\bolao\app\node_modules\express\lib\application.js:618:24)
    at Object.<anonymous> (C:\Users\computador\Desktop\projeto\bolao\app\app.js:33:5)
    at Module._compile (module.js:570:32)
    at Object.Module._extensions..js (module.js:579:10)
    at Module.load (module.js:487:32)
    at tryModuleLoad (module.js:446:12)
    at Function.Module._load (module.js:438:3)
    at Module.runMain (module.js:604:10)
    at run (bootstrap_node.js:394:7)
    at startup (bootstrap_node.js:149:9)
    at bootstrap_node.js:509:3
Wed, 10 May 2017 23:24:37 GMT express-session deprecated undefined resave option; provide resave option at app.js:16:9
Wed, 10 May 2017 23:24:37 GMT express-session deprecated undefined saveUninitialized option; provide saveUninitialized option at app.js:16:9
events.js:160
      throw er; // Unhandled 'error' event
      ^

Error: listen EADDRINUSE :::3000
    at Object.exports._errnoException (util.js:1022:11)
    at exports._exceptionWithHostPort (util.js:1045:20)
    at Server._listen2 (net.js:1259:14)
    at listen (net.js:1295:10)
    at Server.listen (net.js:1391:5)
    at EventEmitter.listen (C:\Users\computador\Desktop\projeto\bolao\app\node_modules\express\lib\application.js:618:24)
    at Object.<anonymous> (C:\Users\computador\Desktop\projeto\bolao\app\app.js:33:5)
    at Module._compile (module.js:570:32)
    at Object.Module._extensions..js (module.js:579:10)
    at Module.load (module.js:487:32)
    at tryModuleLoad (module.js:446:12)
    at Function.Module._load (module.js:438:3)
    at Module.runMain (module.js:604:10)
    at run (bootstrap_node.js:394:7)
    at startup (bootstrap_node.js:149:9)
    at bootstrap_node.js:509:3
Wed, 10 May 2017 23:24:38 GMT express-session deprecated undefined resave option; provide resave option at app.js:16:9
Wed, 10 May 2017 23:24:38 GMT express-session deprecated undefined saveUninitialized option; provide saveUninitialized option at app.js:16:9
events.js:160
      throw er; // Unhandled 'error' event
      ^

Error: listen EADDRINUSE :::3000
    at Object.exports._errnoException (util.js:1022:11)
    at exports._exceptionWithHostPort (util.js:1045:20)
    at Server._listen2 (net.js:1259:14)
    at listen (net.js:1295:10)
    at Server.listen (net.js:1391:5)
    at EventEmitter.listen (C:\Users\computador\Desktop\projeto\bolao\app\node_modules\express\lib\application.js:618:24)
    at Object.<anonymous> (C:\Users\computador\Desktop\projeto\bolao\app\app.js:33:5)
    at Module._compile (module.js:570:32)
    at Object.Module._extensions..js (module.js:579:10)
    at Module.load (module.js:487:32)
    at tryModuleLoad (module.js:446:12)
    at Function.Module._load (module.js:438:3)
    at Module.runMain (module.js:604:10)
    at run (bootstrap_node.js:394:7)
    at startup (bootstrap_node.js:149:9)
    at bootstrap_node.js:509:3
Wed, 10 May 2017 23:24:38 GMT express-session deprecated undefined resave option; provide resave option at app.js:16:9
Wed, 10 May 2017 23:24:38 GMT express-session deprecated undefined saveUninitialized option; provide saveUninitialized option at app.js:16:9
events.js:160
      throw er; // Unhandled 'error' event
      ^

Error: listen EADDRINUSE :::3000
    at Object.exports._errnoException (util.js:1022:11)
    at exports._exceptionWithHostPort (util.js:1045:20)
    at Server._listen2 (net.js:1259:14)
    at listen (net.js:1295:10)
    at Server.listen (net.js:1391:5)
    at EventEmitter.listen (C:\Users\computador\Desktop\projeto\bolao\app\node_modules\express\lib\application.js:618:24)
    at Object.<anonymous> (C:\Users\computador\Desktop\projeto\bolao\app\app.js:33:5)
    at Module._compile (module.js:570:32)
    at Object.Module._extensions..js (module.js:579:10)
    at Module.load (module.js:487:32)
    at tryModuleLoad (module.js:446:12)
    at Function.Module._load (module.js:438:3)
    at Module.runMain (module.js:604:10)
    at run (bootstrap_node.js:394:7)
    at startup (bootstrap_node.js:149:9)
    at bootstrap_node.js:509:3
Wed, 10 May 2017 23:24:39 GMT express-session deprecated undefined resave option; provide resave option at app.js:16:9
Wed, 10 May 2017 23:24:39 GMT express-session deprecated undefined saveUninitialized option; provide saveUninitialized option at app.js:16:9
events.js:160
      throw er; // Unhandled 'error' event
      ^

Error: listen EADDRINUSE :::3000
    at Object.exports._errnoException (util.js:1022:11)
    at exports._exceptionWithHostPort (util.js:1045:20)
    at Server._listen2 (net.js:1259:14)
    at listen (net.js:1295:10)
    at Server.listen (net.js:1391:5)
    at EventEmitter.listen (C:\Users\computador\Desktop\projeto\bolao\app\node_modules\express\lib\application.js:618:24)
    at Object.<anonymous> (C:\Users\computador\Desktop\projeto\bolao\app\app.js:33:5)
    at Module._compile (module.js:570:32)
    at Object.Module._extensions..js (module.js:579:10)
    at Module.load (module.js:487:32)
    at tryModuleLoad (module.js:446:12)
    at Function.Module._load (module.js:438:3)
    at Module.runMain (module.js:604:10)
    at run (bootstrap_node.js:394:7)
    at startup (bootstrap_node.js:149:9)
    at bootstrap_node.js:509:3
Wed, 10 May 2017 23:24:40 GMT express-session deprecated undefined resave option; provide resave option at app.js:16:9
Wed, 10 May 2017 23:24:40 GMT express-session deprecated undefined saveUninitialized option; provide saveUninitialized option at app.js:16:9
events.js:160
      throw er; // Unhandled 'error' event
      ^

Error: listen EADDRINUSE :::3000
    at Object.exports._errnoException (util.js:1022:11)
    at exports._exceptionWithHostPort (util.js:1045:20)
    at Server._listen2 (net.js:1259:14)
    at listen (net.js:1295:10)
    at Server.listen (net.js:1391:5)
    at EventEmitter.listen (C:\Users\computador\Desktop\projeto\bolao\app\node_modules\express\lib\application.js:618:24)
    at Object.<anonymous> (C:\Users\computador\Desktop\projeto\bolao\app\app.js:33:5)
    at Module._compile (module.js:570:32)
    at Object.Module._extensions..js (module.js:579:10)
    at Module.load (module.js:487:32)
    at tryModuleLoad (module.js:446:12)
    at Function.Module._load (module.js:438:3)
    at Module.runMain (module.js:604:10)
    at run (bootstrap_node.js:394:7)
    at startup (bootstrap_node.js:149:9)
    at bootstrap_node.js:509:3
Wed, 10 May 2017 23:24:41 GMT express-session deprecated undefined resave option; provide resave option at app.js:16:9
Wed, 10 May 2017 23:24:41 GMT express-session deprecated undefined saveUninitialized option; provide saveUninitialized option at app.js:16:9
events.js:160
      throw er; // Unhandled 'error' event
      ^

Error: listen EADDRINUSE :::3000
    at Object.exports._errnoException (util.js:1022:11)
    at exports._exceptionWithHostPort (util.js:1045:20)
    at Server._listen2 (net.js:1259:14)
    at listen (net.js:1295:10)
    at Server.listen (net.js:1391:5)
    at EventEmitter.listen (C:\Users\computador\Desktop\projeto\bolao\app\node_modules\express\lib\application.js:618:24)
    at Object.<anonymous> (C:\Users\computador\Desktop\projeto\bolao\app\app.js:33:5)
    at Module._compile (module.js:570:32)
    at Object.Module._extensions..js (module.js:579:10)
    at Module.load (module.js:487:32)
    at tryModuleLoad (module.js:446:12)
    at Function.Module._load (module.js:438:3)
    at Module.runMain (module.js:604:10)
    at run (bootstrap_node.js:394:7)
    at startup (bootstrap_node.js:149:9)
    at bootstrap_node.js:509:3
Wed, 10 May 2017 23:24:42 GMT express-session deprecated undefined resave option; provide resave option at app.js:16:9
Wed, 10 May 2017 23:24:42 GMT express-session deprecated undefined saveUninitialized option; provide saveUninitialized option at app.js:16:9
events.js:160
      throw er; // Unhandled 'error' event
      ^

Error: listen EADDRINUSE :::3000
    at Object.exports._errnoException (util.js:1022:11)
    at exports._exceptionWithHostPort (util.js:1045:20)
    at Server._listen2 (net.js:1259:14)
    at listen (net.js:1295:10)
    at Server.listen (net.js:1391:5)
    at EventEmitter.listen (C:\Users\computador\Desktop\projeto\bolao\app\node_modules\express\lib\application.js:618:24)
    at Object.<anonymous> (C:\Users\computador\Desktop\projeto\bolao\app\app.js:33:5)
    at Module._compile (module.js:570:32)
    at Object.Module._extensions..js (module.js:579:10)
    at Module.load (module.js:487:32)
    at tryModuleLoad (module.js:446:12)
    at Function.Module._load (module.js:438:3)
    at Module.runMain (module.js:604:10)
    at run (bootstrap_node.js:394:7)
    at startup (bootstrap_node.js:149:9)
    at bootstrap_node.js:509:3
